[2025-07-23 14:50:57,202] INFO: Processing Facebook, Inc._20171101
[2025-07-23 14:50:59,403] INFO: Saved plots for Facebook, Inc._20171101
[2025-07-23 14:50:59,403] INFO: Processing FLIR Systems_20171025
[2025-07-23 14:51:00,692] INFO: Saved plots for FLIR Systems_20171025
[2025-07-23 14:51:00,693] INFO: Processing Humana Inc._20170503
[2025-07-23 14:51:02,432] INFO: Saved plots for Humana Inc._20170503
[2025-07-23 14:51:02,432] INFO: Processing Rockwell Automation Inc._20170426
[2025-07-23 14:51:05,136] INFO: Saved plots for Rockwell Automation Inc._20170426
[2025-07-23 14:51:05,136] INFO: Processing Intuit Inc._20170223
[2025-07-23 14:51:08,737] INFO: Saved plots for Intuit Inc._20170223
[2025-07-23 14:51:08,737] INFO: Processing The Walt Disney Company_20170207
[2025-07-23 14:51:10,157] INFO: Saved plots for The Walt Disney Company_20170207
[2025-07-23 14:51:10,157] INFO: Processing Seagate Technology_20170124
[2025-07-23 14:51:11,030] INFO: Saved plots for Seagate Technology_20170124
[2025-07-23 14:51:11,030] INFO: Processing Lam Research_20170125
[2025-07-23 14:51:12,628] INFO: Saved plots for Lam Research_20170125
[2025-07-23 14:51:12,628] INFO: Processing Polo Ralph Lauren Corp._20170202
[2025-07-23 14:51:15,145] INFO: Saved plots for Polo Ralph Lauren Corp._20170202
[2025-07-23 14:51:15,145] INFO: Processing Johnson Controls International_20170201
[2025-07-23 14:51:18,349] INFO: Saved plots for Johnson Controls International_20170201
[2025-07-23 14:51:18,349] INFO: Processing Snap-On Inc._20170720
[2025-07-23 14:51:30,112] INFO: Saved plots for Snap-On Inc._20170720
[2025-07-23 14:51:30,113] INFO: Processing Activision Blizzard_20170504
[2025-07-23 14:51:32,868] INFO: Saved plots for Activision Blizzard_20170504
[2025-07-23 14:51:32,868] INFO: Processing Digital Realty Trust Inc_20170427
[2025-07-23 14:51:43,741] INFO: Saved plots for Digital Realty Trust Inc_20170427
[2025-07-23 14:51:43,741] INFO: Processing Fidelity National Information Services_20170207
[2025-07-23 14:51:49,229] INFO: Saved plots for Fidelity National Information Services_20170207
[2025-07-23 14:51:49,229] INFO: Processing The Mosaic Company_20171031
[2025-07-23 14:51:55,052] INFO: Saved plots for The Mosaic Company_20171031
[2025-07-23 14:51:55,052] INFO: Processing Microsoft Corp._20170720
[2025-07-23 14:52:04,412] INFO: Saved plots for Microsoft Corp._20170720
[2025-07-23 14:52:04,412] INFO: Processing BorgWarner_20170727
[2025-07-23 14:52:08,333] INFO: Saved plots for BorgWarner_20170727
[2025-07-23 14:52:08,333] INFO: Processing Kohl's Corp._20170511
[2025-07-23 14:52:12,299] INFO: Saved plots for Kohl's Corp._20170511
[2025-07-23 14:52:12,299] INFO: Processing General Dynamics_20171025
[2025-07-23 14:52:21,682] INFO: Saved plots for General Dynamics_20171025
[2025-07-23 14:52:21,682] INFO: Processing Cognizant Technology Solutions_20170803
[2025-07-23 14:52:26,874] INFO: Saved plots for Cognizant Technology Solutions_20170803
[2025-07-23 14:52:26,874] INFO: Processing Church & Dwight_20171102
[2025-07-23 14:52:39,828] INFO: Saved plots for Church & Dwight_20171102
[2025-07-23 14:52:39,828] INFO: Processing International Paper_20170202
[2025-07-23 14:52:45,304] INFO: Saved plots for International Paper_20170202
[2025-07-23 14:52:45,304] INFO: Processing Archer-Daniels-Midland Co_20171031
[2025-07-23 14:52:50,915] INFO: Saved plots for Archer-Daniels-Midland Co_20171031
[2025-07-23 14:52:50,915] INFO: Processing United Health Group Inc._20171017
[2025-07-23 14:52:52,834] INFO: Saved plots for United Health Group Inc._20171017
[2025-07-23 14:52:52,834] INFO: Processing MGM Resorts International_20170727
[2025-07-23 14:53:05,764] INFO: Saved plots for MGM Resorts International_20170727
[2025-07-23 14:53:05,764] INFO: Processing Genuine Parts_20170221
[2025-07-23 14:53:06,771] INFO: Saved plots for Genuine Parts_20170221
