[2025-08-07 13:00:07,044] INFO: Processing Facebook, Inc._20171101
[2025-08-07 13:00:07,700] INFO: Processing FLIR Systems_20171025
[2025-08-07 13:00:07,989] INFO: Processing Humana Inc._20170503
[2025-08-07 13:00:08,411] INFO: Processing Rockwell Automation Inc._20170426
[2025-08-07 13:00:09,081] INFO: Processing Intuit Inc._20170223
[2025-08-07 13:00:10,009] INFO: Processing The Walt Disney Company_20170207
[2025-08-07 13:00:10,419] INFO: Processing Seagate Technology_20170124
[2025-08-07 13:00:10,649] INFO: Processing Lam Research_20170125
[2025-08-07 13:00:11,101] INFO: Processing Polo Ralph Lauren Corp._20170202
[2025-08-07 13:00:11,816] INFO: Processing Johnson Controls International_20170201
[2025-08-07 13:00:12,110] INFO: Processing Snap-On Inc._20170720
[2025-08-07 13:00:13,564] INFO: Processing Activision Blizzard_20170504
[2025-08-07 13:00:13,804] INFO: Processing Digital Realty Trust Inc_20170427
[2025-08-07 13:00:14,725] INFO: Processing Fidelity National Information Services_20170207
[2025-08-07 13:00:15,305] INFO: Processing The Mosaic Company_20171031
[2025-08-07 13:00:15,687] INFO: Processing Microsoft Corp._20170720
[2025-08-07 13:00:16,444] INFO: Processing BorgWarner_20170727
[2025-08-07 13:00:16,828] INFO: Processing Kohl's Corp._20170511
[2025-08-07 13:00:17,234] INFO: Processing General Dynamics_20171025
[2025-08-07 13:00:18,297] INFO: Processing Cognizant Technology Solutions_20170803
[2025-08-07 13:00:18,736] INFO: Processing Church & Dwight_20171102
[2025-08-07 13:00:19,400] INFO: Processing International Paper_20170202
[2025-08-07 13:00:19,937] INFO: Processing Archer-Daniels-Midland Co_20171031
[2025-08-07 13:00:20,347] INFO: Processing United Health Group Inc._20171017
[2025-08-07 13:00:20,564] INFO: Processing MGM Resorts International_20170727
[2025-08-07 13:00:21,444] INFO: Processing Genuine Parts_20170221
[2025-08-07 13:00:21,999] INFO: Processing 3M Company_20170425
[2025-08-07 13:00:22,683] INFO: Processing Align Technology_20170727
[2025-08-07 13:00:23,411] INFO: Processing AES Corp_20171102
[2025-08-07 13:00:24,234] INFO: Processing CenturyLink Inc_20171108
[2025-08-07 13:00:24,722] INFO: Processing Xilinx_20170426
[2025-08-07 13:00:25,039] INFO: Processing The Hershey Company_20170426
[2025-08-07 13:00:25,953] INFO: Processing Illinois Tool Works_20171023
[2025-08-07 13:00:26,306] INFO: Processing Caterpillar Inc._20170725
[2025-08-07 13:00:26,917] INFO: Processing Lam Research_20170418
[2025-08-07 13:00:27,294] INFO: Processing General Mills_20170628
[2025-08-07 13:00:27,699] INFO: Processing Waste Management Inc._20171026
[2025-08-07 13:00:28,298] INFO: Processing Nasdaq, Inc._20170131
[2025-08-07 13:00:29,239] INFO: Processing Parker-Hannifin_20170427
[2025-08-07 13:00:29,789] INFO: Processing Humana Inc._20170802
[2025-08-07 13:00:30,422] INFO: Processing Red Hat Inc._20170327
[2025-08-07 13:00:30,841] INFO: Processing AMETEK Inc._20170802
[2025-08-07 13:00:31,883] INFO: Processing CVS Health_20170209
[2025-08-07 13:00:32,765] INFO: Processing Fidelity National Information Services_20170802
[2025-08-07 13:00:33,361] INFO: Processing Yum! Brands Inc_20170803
[2025-08-07 13:00:34,016] INFO: Processing General Motors_20170725
[2025-08-07 13:00:34,600] INFO: Processing Weyerhaeuser_20170203
[2025-08-07 13:00:35,599] INFO: Processing Hanesbrands Inc_20170502
[2025-08-07 13:00:36,037] INFO: Processing Lilly (Eli) & Co._20170425
[2025-08-07 13:00:36,458] INFO: Processing PG&E Corp._20170727
[2025-08-07 13:00:36,728] INFO: Processing Gartner Inc_20170808
[2025-08-07 13:00:37,655] INFO: Processing Verisign Inc._20170427
[2025-08-07 13:00:37,887] INFO: Processing Quest Diagnostics_20170725
[2025-08-07 13:00:38,935] INFO: Processing General Dynamics_20170426
[2025-08-07 13:00:39,704] INFO: Processing Kansas City Southern_20171020
[2025-08-07 13:00:40,241] INFO: Processing PepsiCo Inc._20170426
[2025-08-07 13:00:40,934] INFO: Processing Lowe's Cos._20170823
[2025-08-07 13:00:41,277] INFO: Processing Motorola Solutions Inc._20171102
[2025-08-07 13:00:41,540] INFO: Processing Texas Instruments_20171024
[2025-08-07 13:00:41,946] INFO: Processing Motorola Solutions Inc._20170803
[2025-08-07 13:00:42,469] INFO: Processing Pentair plc_20170725
[2025-08-07 13:00:43,032] INFO: Processing American Express Co_20170719
[2025-08-07 13:00:43,542] INFO: Processing Freeport-McMoRan Inc._20170425
[2025-08-07 13:00:44,843] INFO: Processing Campbell Soup_20171121
[2025-08-07 13:00:45,525] INFO: Processing Synopsys Inc._20171129
[2025-08-07 13:00:46,169] INFO: Processing Grainger (W.W.) Inc._20170418
[2025-08-07 13:00:47,080] INFO: Processing LyondellBasell_20170203
[2025-08-07 13:00:47,309] INFO: Processing Pinnacle West Capital_20171103
[2025-08-07 13:00:47,676] INFO: Processing WestRock_20171102
[2025-08-07 13:00:48,372] INFO: Processing Cognizant Technology Solutions_20171101
[2025-08-07 13:00:48,855] INFO: Processing Ross Stores_20170228
[2025-08-07 13:00:49,245] INFO: Processing Celgene Corp._20170427
[2025-08-07 13:00:49,726] INFO: Processing Booking Holdings Inc_20170509
[2025-08-07 13:00:50,468] INFO: Processing Vulcan Materials_20170802
[2025-08-07 13:00:51,555] INFO: Processing Citrix Systems_20170802
[2025-08-07 13:00:52,242] INFO: Processing WestRock_20170124
[2025-08-07 13:00:53,009] INFO: Processing Dominion Energy_20170504
[2025-08-07 13:00:53,510] INFO: Processing EQT Corporation_20170427
[2025-08-07 13:00:53,733] INFO: Processing DaVita Inc._20170502
[2025-08-07 13:00:54,042] INFO: Processing Hasbro Inc._20171023
[2025-08-07 13:00:54,947] INFO: Processing Kohl's Corp._20170223
[2025-08-07 13:00:55,774] INFO: Processing Verizon Communications_20170420
[2025-08-07 13:00:56,919] INFO: Processing Kohl's Corp._20171109
[2025-08-07 13:00:58,075] INFO: Processing U.S. Bancorp_20170719
[2025-08-07 13:00:58,532] INFO: Processing Invesco Ltd._20170727
[2025-08-07 13:00:59,149] INFO: Processing Mylan N.V._20170510
[2025-08-07 13:00:59,582] INFO: Processing Quanta Services Inc._20170504
[2025-08-07 13:01:00,606] INFO: Processing Wec Energy Group Inc_20170502
[2025-08-07 13:01:01,248] INFO: Processing F5 Networks_20170125
[2025-08-07 13:01:01,866] INFO: Processing Target Corp._20171115
[2025-08-07 13:01:02,352] INFO: Processing Ecolab Inc._20171031
[2025-08-07 13:01:02,550] INFO: Processing Aetna Inc_20171031
[2025-08-07 13:01:03,094] INFO: Processing Hess Corporation_20170125
[2025-08-07 13:01:03,650] INFO: Processing FleetCor Technologies Inc_20170803
[2025-08-07 13:01:04,285] INFO: Processing Coca-Cola Company (The)_20170726
[2025-08-07 13:01:05,243] INFO: Processing Align Technology_20170131
[2025-08-07 13:01:05,718] INFO: Processing Allergan, Plc_20170803
[2025-08-07 13:01:06,401] INFO: Processing Comcast Corp._20170427
[2025-08-07 13:01:06,834] INFO: Processing Equinix_20171101
[2025-08-07 13:01:07,241] INFO: Processing Weyerhaeuser_20170428
[2025-08-07 13:01:08,285] INFO: Processing The Clorox Company_20171101
[2025-08-07 13:01:08,523] INFO: Processing Alliance Data Systems_20171019
[2025-08-07 13:01:08,985] INFO: Processing Raytheon Co._20170427
[2025-08-07 13:01:09,570] INFO: Processing Amazon.com Inc._20170202
[2025-08-07 13:01:09,854] INFO: Processing Incyte_20170214
[2025-08-07 13:01:10,144] INFO: Processing Kroger Co._20170302
[2025-08-07 13:01:10,620] INFO: Processing Apache Corporation_20170223
[2025-08-07 13:01:11,769] INFO: Processing Anthem Inc._20170201
[2025-08-07 13:01:12,345] INFO: Processing Incyte_20170504
[2025-08-07 13:01:12,606] INFO: Processing Mondelez International_20170802
[2025-08-07 13:01:13,363] INFO: Processing Gap Inc._20170223
[2025-08-07 13:01:14,797] INFO: Processing Oracle Corp._20170914
[2025-08-07 13:01:15,095] INFO: Processing ResMed_20170427
[2025-08-07 13:01:16,149] INFO: Processing Akamai Technologies Inc_20170207
[2025-08-07 13:01:17,025] INFO: Processing HP Inc._20170524
[2025-08-07 13:01:17,386] INFO: Processing Kinder Morgan_20170419
[2025-08-07 13:01:18,194] INFO: Processing Kraft Heinz Co_20170503
[2025-08-07 13:01:18,589] INFO: Processing Royal Caribbean Cruises Ltd_20171107
[2025-08-07 13:01:19,482] INFO: Processing Dominion Energy_20171030
[2025-08-07 13:01:19,906] INFO: Processing Oracle Corp._20171214
[2025-08-07 13:01:20,414] INFO: Processing ABIOMED Inc_20170504
[2025-08-07 13:01:21,313] INFO: Processing D. R. Horton_20170124
Traceback (most recent call last):
  File "/users/ac4ma/Speech_Language_Internship/feature_extraction/plot_text_features.py", line 73, in <module>
    reduced_embeddings = tsne.fit_transform(embeddings)
  File "/users/ac4ma/.conda/envs/internship/lib/python3.13/site-packages/sklearn/utils/_set_output.py", line 316, in wrapped
    data_to_wrap = f(self, X, *args, **kwargs)
  File "/users/ac4ma/.conda/envs/internship/lib/python3.13/site-packages/sklearn/base.py", line 1365, in wrapper
    return fit_method(estimator, *args, **kwargs)
  File "/users/ac4ma/.conda/envs/internship/lib/python3.13/site-packages/sklearn/manifold/_t_sne.py", line 1143, in fit_transform
    self._check_params_vs_input(X)
    ~~~~~~~~~~~~~~~~~~~~~~~~~~~^^^
  File "/users/ac4ma/.conda/envs/internship/lib/python3.13/site-packages/sklearn/manifold/_t_sne.py", line 847, in _check_params_vs_input
    raise ValueError(
    ...<2 lines>...
    )
ValueError: perplexity (30) must be less than n_samples (16)
